<?xml version="1.0" encoding="UTF-8"?>
<!-- Generated by org.testng.reporters.JUnitReportReporter -->
<testsuite hostname="DESKTOP-4H86CTH" failures="0" tests="1" name="com.runner.LoginRunner" time="0.107" errors="0" timestamp="02 Dec 2023 01:57:51 GMT" skipped="0">
  <testcase classname="com.runner.LoginRunner" name="runScenario" time="0.107"/>
</testsuite> <!-- com.runner.LoginRunner -->
