<?xml version="1.0" encoding="UTF-8"?>
<!-- Generated by org.testng.reporters.JUnitReportReporter -->
<testsuite hostname="DESKTOP-4H86CTH" failures="0" tests="2" name="com.runner.RunnerTestSuite" time="0.120" errors="0" timestamp="02 Dec 2023 02:09:49 GMT" skipped="0">
  <testcase classname="com.runner.RunnerTestSuite" name="runScenario" time="0.108"/>
  <testcase classname="com.runner.RunnerTestSuite" name="runScenario" time="0.012"/>
</testsuite> <!-- com.runner.RunnerTestSuite -->
